{"/Users/Alan_Green/Web_Dev/project-fastify/src/app.js": {"path":"/Users/Alan_Green/Web_Dev/project-fastify/src/app.js","all":false,"statementMap":{"0":{"start":{"line":1,"column":0},"end":{"line":1,"column":35}},"1":{"start":{"line":2,"column":0},"end":{"line":2,"column":0}},"2":{"start":{"line":3,"column":0},"end":{"line":3,"column":30}},"3":{"start":{"line":4,"column":0},"end":{"line":4,"column":28}},"4":{"start":{"line":5,"column":0},"end":{"line":5,"column":0}},"5":{"start":{"line":6,"column":0},"end":{"line":6,"column":42}},"6":{"start":{"line":7,"column":0},"end":{"line":7,"column":46}},"7":{"start":{"line":8,"column":0},"end":{"line":8,"column":5}},"8":{"start":{"line":9,"column":0},"end":{"line":9,"column":0}},"9":{"start":{"line":10,"column":0},"end":{"line":10,"column":13}},"10":{"start":{"line":11,"column":0},"end":{"line":11,"column":2}},"11":{"start":{"line":12,"column":0},"end":{"line":12,"column":0}},"12":{"start":{"line":13,"column":0},"end":{"line":13,"column":23}}},"s":{"0":1,"1":1,"2":1,"3":1,"4":1,"5":1,"6":1,"7":1,"8":1,"9":1,"10":1,"11":1,"12":1},"branchMap":{"0":{"type":"branch","line":3,"loc":{"start":{"line":3,"column":14},"end":{"line":11,"column":2}},"locations":[{"start":{"line":3,"column":14},"end":{"line":11,"column":2}}]},"1":{"type":"branch","line":6,"loc":{"start":{"line":6,"column":15},"end":{"line":8,"column":5}},"locations":[{"start":{"line":6,"column":15},"end":{"line":8,"column":5}}]}},"b":{"0":[1],"1":[1]},"fnMap":{"0":{"name":"build","decl":{"start":{"line":3,"column":14},"end":{"line":11,"column":2}},"loc":{"start":{"line":3,"column":14},"end":{"line":11,"column":2}},"line":3}},"f":{"0":1}}
}
